{
  "stats": {
    "suites": 3,
    "tests": 12,
    "passes": 11,
    "pending": 0,
    "failures": 1,
    "start": "2022-06-22T07:18:39.282Z",
    "end": "2022-06-22T07:20:10.912Z",
    "duration": 74617,
    "testsRegistered": 12,
    "passPercent": 91.66666666666667,
    "pendingPercent": 0,
    "other": 0,
    "hasOther": false,
    "skipped": 0,
    "hasSkipped": false
  },
  "results": [
    {
      "uuid": "f2810903-9c00-4b54-bb09-c5956fb91b57",
      "title": "",
      "fullFile": "cypress/integration/login.feature",
      "file": "cypress/integration/login.feature",
      "beforeHooks": [],
      "afterHooks": [],
      "tests": [],
      "suites": [
        {
          "uuid": "f64cd65f-6895-4b5b-a546-67242389cc62",
          "title": "Login",
          "fullFile": "",
          "file": "",
          "beforeHooks": [],
          "afterHooks": [],
          "tests": [
            {
              "title": "Check Login (example #1)",
              "fullTitle": "Login Check Login (example #1)",
              "timedOut": null,
              "duration": 4510,
              "state": "failed",
              "speed": null,
              "pass": false,
              "fail": true,
              "pending": false,
              "context": null,
              "code": "const state = window.testState;\nreturn cy\n  .then(() => state.onStartScenario(scenario, indexedSteps))\n  .then(() =>\n    resolveAndRunBeforeHooks.call(this, scenario.tags, state.feature.name)\n  )\n  .then(() =>\n    indexedSteps.forEach((step) =>\n      stepTest.call(this, state, step, rowData)\n    )\n  )\n  .then(() => state.onFinishScenario(scenario));",
              "err": {
                "message": "AssertionError: Timed out retrying after 1000ms: Expected to find element: `.ant-message-custom-content`, but never found it.",
                "estack": "AssertionError: Timed out retrying after 1000ms: Expected to find element: `.ant-message-custom-content`, but never found it.\n    at Object.tobeSuccessful (https://vcpmc.dev-altamedia.com/__cypress/tests?p=cypress\\integration\\login.feature:164:14)\n    at Context.eval (https://vcpmc.dev-altamedia.com/__cypress/tests?p=cypress\\integration\\login.feature:63:41)\n    at Context.resolveAndRunStepDefinition (https://vcpmc.dev-altamedia.com/__cypress/tests?p=cypress\\integration\\login.feature:10617:29)\n    at Context.eval (https://vcpmc.dev-altamedia.com/__cypress/tests?p=cypress\\integration\\login.feature:9938:35)",
                "diff": null
              },
              "uuid": "d7071f09-5c8f-4827-b035-8d035993c33d",
              "parentUUID": "f64cd65f-6895-4b5b-a546-67242389cc62",
              "isHook": false,
              "skipped": false
            },
            {
              "title": "Check Login (example #2)",
              "fullTitle": "Login Check Login (example #2)",
              "timedOut": null,
              "duration": 2326,
              "state": "passed",
              "speed": "fast",
              "pass": true,
              "fail": false,
              "pending": false,
              "context": null,
              "code": "const state = window.testState;\nreturn cy\n  .then(() => state.onStartScenario(scenario, indexedSteps))\n  .then(() =>\n    resolveAndRunBeforeHooks.call(this, scenario.tags, state.feature.name)\n  )\n  .then(() =>\n    indexedSteps.forEach((step) =>\n      stepTest.call(this, state, step, rowData)\n    )\n  )\n  .then(() => state.onFinishScenario(scenario));",
              "err": {},
              "uuid": "1dc277f2-5737-4e1d-beb4-7a95205c85b9",
              "parentUUID": "f64cd65f-6895-4b5b-a546-67242389cc62",
              "isHook": false,
              "skipped": false
            },
            {
              "title": "Check Login (example #3)",
              "fullTitle": "Login Check Login (example #3)",
              "timedOut": null,
              "duration": 1879,
              "state": "passed",
              "speed": "fast",
              "pass": true,
              "fail": false,
              "pending": false,
              "context": null,
              "code": "const state = window.testState;\nreturn cy\n  .then(() => state.onStartScenario(scenario, indexedSteps))\n  .then(() =>\n    resolveAndRunBeforeHooks.call(this, scenario.tags, state.feature.name)\n  )\n  .then(() =>\n    indexedSteps.forEach((step) =>\n      stepTest.call(this, state, step, rowData)\n    )\n  )\n  .then(() => state.onFinishScenario(scenario));",
              "err": {},
              "uuid": "b405f3d5-0996-4f40-97e6-57d5a64ceaf2",
              "parentUUID": "f64cd65f-6895-4b5b-a546-67242389cc62",
              "isHook": false,
              "skipped": false
            }
          ],
          "suites": [],
          "passes": [
            "1dc277f2-5737-4e1d-beb4-7a95205c85b9",
            "b405f3d5-0996-4f40-97e6-57d5a64ceaf2"
          ],
          "failures": [
            "d7071f09-5c8f-4827-b035-8d035993c33d"
          ],
          "pending": [],
          "skipped": [],
          "duration": 8715,
          "root": false,
          "rootEmpty": false,
          "_timeout": 2000
        }
      ],
      "passes": [],
      "failures": [],
      "pending": [],
      "skipped": [],
      "duration": 0,
      "root": true,
      "rootEmpty": true,
      "_timeout": 2000
    },
    {
      "uuid": "31b511b8-9147-4f25-9018-665a1c93ae46",
      "title": "",
      "fullFile": "cypress/integration/logins.feature",
      "file": "cypress/integration/logins.feature",
      "beforeHooks": [],
      "afterHooks": [],
      "tests": [],
      "suites": [
        {
          "uuid": "6ff24e2a-aa9f-4743-bb4e-be6d4ca94e51",
          "title": "Login Feature",
          "fullFile": "",
          "file": "",
          "beforeHooks": [],
          "afterHooks": [],
          "tests": [
            {
              "title": "Sucess login",
              "fullTitle": "Login Feature Sucess login",
              "timedOut": null,
              "duration": 1075,
              "state": "passed",
              "speed": "fast",
              "pass": true,
              "fail": false,
              "pending": false,
              "context": null,
              "code": "const state = window.testState;\nreturn cy\n  .then(() => state.onStartScenario(scenario, indexedSteps))\n  .then(() =>\n    resolveAndRunBeforeHooks.call(this, scenario.tags, state.feature.name)\n  )\n  .then(() =>\n    indexedSteps.forEach((step) =>\n      stepTest.call(this, state, step, rowData)\n    )\n  )\n  .then(() => state.onFinishScenario(scenario));",
              "err": {},
              "uuid": "432a0171-6585-4ad4-a03a-2b8e465ffdf7",
              "parentUUID": "6ff24e2a-aa9f-4743-bb4e-be6d4ca94e51",
              "isHook": false,
              "skipped": false
            },
            {
              "title": "When locked user login",
              "fullTitle": "Login Feature When locked user login",
              "timedOut": null,
              "duration": 1005,
              "state": "passed",
              "speed": "fast",
              "pass": true,
              "fail": false,
              "pending": false,
              "context": null,
              "code": "const state = window.testState;\nreturn cy\n  .then(() => state.onStartScenario(scenario, indexedSteps))\n  .then(() =>\n    resolveAndRunBeforeHooks.call(this, scenario.tags, state.feature.name)\n  )\n  .then(() =>\n    indexedSteps.forEach((step) =>\n      stepTest.call(this, state, step, rowData)\n    )\n  )\n  .then(() => state.onFinishScenario(scenario));",
              "err": {},
              "uuid": "e65b9279-5c8b-4189-b10c-f9747ac5314c",
              "parentUUID": "6ff24e2a-aa9f-4743-bb4e-be6d4ca94e51",
              "isHook": false,
              "skipped": false
            },
            {
              "title": "Wrong password login",
              "fullTitle": "Login Feature Wrong password login",
              "timedOut": null,
              "duration": 921,
              "state": "passed",
              "speed": "fast",
              "pass": true,
              "fail": false,
              "pending": false,
              "context": null,
              "code": "const state = window.testState;\nreturn cy\n  .then(() => state.onStartScenario(scenario, indexedSteps))\n  .then(() =>\n    resolveAndRunBeforeHooks.call(this, scenario.tags, state.feature.name)\n  )\n  .then(() =>\n    indexedSteps.forEach((step) =>\n      stepTest.call(this, state, step, rowData)\n    )\n  )\n  .then(() => state.onFinishScenario(scenario));",
              "err": {},
              "uuid": "d2b80308-24ec-4096-9ffd-6981b311f156",
              "parentUUID": "6ff24e2a-aa9f-4743-bb4e-be6d4ca94e51",
              "isHook": false,
              "skipped": false
            },
            {
              "title": "When a problem user login",
              "fullTitle": "Login Feature When a problem user login",
              "timedOut": null,
              "duration": 814,
              "state": "passed",
              "speed": "fast",
              "pass": true,
              "fail": false,
              "pending": false,
              "context": null,
              "code": "const state = window.testState;\nreturn cy\n  .then(() => state.onStartScenario(scenario, indexedSteps))\n  .then(() =>\n    resolveAndRunBeforeHooks.call(this, scenario.tags, state.feature.name)\n  )\n  .then(() =>\n    indexedSteps.forEach((step) =>\n      stepTest.call(this, state, step, rowData)\n    )\n  )\n  .then(() => state.onFinishScenario(scenario));",
              "err": {},
              "uuid": "4b09081a-62ae-41bd-aa51-aa10d7dbb584",
              "parentUUID": "6ff24e2a-aa9f-4743-bb4e-be6d4ca94e51",
              "isHook": false,
              "skipped": false
            },
            {
              "title": "Sucess Log out",
              "fullTitle": "Login Feature Sucess Log out",
              "timedOut": null,
              "duration": 1336,
              "state": "passed",
              "speed": "fast",
              "pass": true,
              "fail": false,
              "pending": false,
              "context": null,
              "code": "const state = window.testState;\nreturn cy\n  .then(() => state.onStartScenario(scenario, indexedSteps))\n  .then(() =>\n    resolveAndRunBeforeHooks.call(this, scenario.tags, state.feature.name)\n  )\n  .then(() =>\n    indexedSteps.forEach((step) =>\n      stepTest.call(this, state, step, rowData)\n    )\n  )\n  .then(() => state.onFinishScenario(scenario));",
              "err": {},
              "uuid": "a8f5aa5c-2fd5-4101-a962-9cddb31fc107",
              "parentUUID": "6ff24e2a-aa9f-4743-bb4e-be6d4ca94e51",
              "isHook": false,
              "skipped": false
            }
          ],
          "suites": [],
          "passes": [
            "432a0171-6585-4ad4-a03a-2b8e465ffdf7",
            "e65b9279-5c8b-4189-b10c-f9747ac5314c",
            "d2b80308-24ec-4096-9ffd-6981b311f156",
            "4b09081a-62ae-41bd-aa51-aa10d7dbb584",
            "a8f5aa5c-2fd5-4101-a962-9cddb31fc107"
          ],
          "failures": [],
          "pending": [],
          "skipped": [],
          "duration": 5151,
          "root": false,
          "rootEmpty": false,
          "_timeout": 2000
        }
      ],
      "passes": [],
      "failures": [],
      "pending": [],
      "skipped": [],
      "duration": 0,
      "root": true,
      "rootEmpty": true,
      "_timeout": 2000
    },
    {
      "uuid": "9fc2ba47-6221-4391-9447-9badfdc58941",
      "title": "",
      "fullFile": "cypress/integration/cart.feature",
      "file": "cypress/integration/cart.feature",
      "beforeHooks": [],
      "afterHooks": [],
      "tests": [],
      "suites": [
        {
          "uuid": "5cfad75e-19fd-4de9-b365-c021e8a5af1a",
          "title": "Cart Feature",
          "fullFile": "",
          "file": "",
          "beforeHooks": [],
          "afterHooks": [],
          "tests": [
            {
              "title": "Add first 2 item on cart",
              "fullTitle": "Cart Feature Add first 2 item on cart",
              "timedOut": null,
              "duration": 16977,
              "state": "passed",
              "speed": "slow",
              "pass": true,
              "fail": false,
              "pending": false,
              "context": null,
              "code": "const state = window.testState;\nreturn cy\n  .then(() => state.onStartScenario(scenario, indexedSteps))\n  .then(() =>\n    resolveAndRunBeforeHooks.call(this, scenario.tags, state.feature.name)\n  )\n  .then(() =>\n    indexedSteps.forEach((step) =>\n      stepTest.call(this, state, step, rowData)\n    )\n  )\n  .then(() => state.onFinishScenario(scenario));",
              "err": {},
              "uuid": "fe996e67-5da2-4c71-95eb-f3934e3ea16c",
              "parentUUID": "5cfad75e-19fd-4de9-b365-c021e8a5af1a",
              "isHook": false,
              "skipped": false
            },
            {
              "title": "Add 1 item on cart and remove it",
              "fullTitle": "Cart Feature Add 1 item on cart and remove it",
              "timedOut": null,
              "duration": 6179,
              "state": "passed",
              "speed": "medium",
              "pass": true,
              "fail": false,
              "pending": false,
              "context": null,
              "code": "const state = window.testState;\nreturn cy\n  .then(() => state.onStartScenario(scenario, indexedSteps))\n  .then(() =>\n    resolveAndRunBeforeHooks.call(this, scenario.tags, state.feature.name)\n  )\n  .then(() =>\n    indexedSteps.forEach((step) =>\n      stepTest.call(this, state, step, rowData)\n    )\n  )\n  .then(() => state.onFinishScenario(scenario));",
              "err": {},
              "uuid": "2bd91f26-48ce-42fd-978c-8b61577ffb41",
              "parentUUID": "5cfad75e-19fd-4de9-b365-c021e8a5af1a",
              "isHook": false,
              "skipped": false
            },
            {
              "title": "Add 2 item on cart and remove 1 item",
              "fullTitle": "Cart Feature Add 2 item on cart and remove 1 item",
              "timedOut": null,
              "duration": 11274,
              "state": "passed",
              "speed": "slow",
              "pass": true,
              "fail": false,
              "pending": false,
              "context": null,
              "code": "const state = window.testState;\nreturn cy\n  .then(() => state.onStartScenario(scenario, indexedSteps))\n  .then(() =>\n    resolveAndRunBeforeHooks.call(this, scenario.tags, state.feature.name)\n  )\n  .then(() =>\n    indexedSteps.forEach((step) =>\n      stepTest.call(this, state, step, rowData)\n    )\n  )\n  .then(() => state.onFinishScenario(scenario));",
              "err": {},
              "uuid": "fe875d24-8c2e-4996-93c8-18eaece741d6",
              "parentUUID": "5cfad75e-19fd-4de9-b365-c021e8a5af1a",
              "isHook": false,
              "skipped": false
            },
            {
              "title": "Add 2 item on cart and check if if have 2 correct item",
              "fullTitle": "Cart Feature Add 2 item on cart and check if if have 2 correct item",
              "timedOut": null,
              "duration": 26321,
              "state": "passed",
              "speed": "slow",
              "pass": true,
              "fail": false,
              "pending": false,
              "context": null,
              "code": "const state = window.testState;\nreturn cy\n  .then(() => state.onStartScenario(scenario, indexedSteps))\n  .then(() =>\n    resolveAndRunBeforeHooks.call(this, scenario.tags, state.feature.name)\n  )\n  .then(() =>\n    indexedSteps.forEach((step) =>\n      stepTest.call(this, state, step, rowData)\n    )\n  )\n  .then(() => state.onFinishScenario(scenario));",
              "err": {},
              "uuid": "581b874f-b560-498e-9c97-6cb6404500ac",
              "parentUUID": "5cfad75e-19fd-4de9-b365-c021e8a5af1a",
              "isHook": false,
              "skipped": false
            }
          ],
          "suites": [],
          "passes": [
            "fe996e67-5da2-4c71-95eb-f3934e3ea16c",
            "2bd91f26-48ce-42fd-978c-8b61577ffb41",
            "fe875d24-8c2e-4996-93c8-18eaece741d6",
            "581b874f-b560-498e-9c97-6cb6404500ac"
          ],
          "failures": [],
          "pending": [],
          "skipped": [],
          "duration": 60751,
          "root": false,
          "rootEmpty": false,
          "_timeout": 2000
        }
      ],
      "passes": [],
      "failures": [],
      "pending": [],
      "skipped": [],
      "duration": 0,
      "root": true,
      "rootEmpty": true,
      "_timeout": 2000
    }
  ],
  "meta": {
    "mocha": {
      "version": "7.0.1"
    },
    "mochawesome": {
      "options": {
        "quiet": false,
        "reportFilename": "mochawesome",
        "saveHtml": false,
        "saveJson": true,
        "consoleReporter": "spec",
        "useInlineDiffs": false,
        "code": true
      },
      "version": "7.1.3"
    },
    "marge": {
      "options": {
        "reportDir": "cypress/results/mochawesome",
        "overwrite": false,
        "html": false,
        "json": true
      },
      "version": "6.2.0"
    }
  }
}