{
  "stats": {
    "suites": 1,
    "tests": 4,
    "passes": 4,
    "pending": 0,
    "failures": 0,
    "start": "2022-06-22T07:18:39.282Z",
    "end": "2022-06-22T07:19:40.196Z",
    "duration": 60914,
    "testsRegistered": 4,
    "passPercent": 100,
    "pendingPercent": 0,
    "other": 0,
    "hasOther": false,
    "skipped": 0,
    "hasSkipped": false
  },
  "results": [
    {
      "uuid": "9fc2ba47-6221-4391-9447-9badfdc58941",
      "title": "",
      "fullFile": "cypress/integration/cart.feature",
      "file": "cypress/integration/cart.feature",
      "beforeHooks": [],
      "afterHooks": [],
      "tests": [],
      "suites": [
        {
          "uuid": "5cfad75e-19fd-4de9-b365-c021e8a5af1a",
          "title": "Cart Feature",
          "fullFile": "",
          "file": "",
          "beforeHooks": [],
          "afterHooks": [],
          "tests": [
            {
              "title": "Add first 2 item on cart",
              "fullTitle": "Cart Feature Add first 2 item on cart",
              "timedOut": null,
              "duration": 16977,
              "state": "passed",
              "speed": "slow",
              "pass": true,
              "fail": false,
              "pending": false,
              "context": null,
              "code": "const state = window.testState;\nreturn cy\n  .then(() => state.onStartScenario(scenario, indexedSteps))\n  .then(() =>\n    resolveAndRunBeforeHooks.call(this, scenario.tags, state.feature.name)\n  )\n  .then(() =>\n    indexedSteps.forEach((step) =>\n      stepTest.call(this, state, step, rowData)\n    )\n  )\n  .then(() => state.onFinishScenario(scenario));",
              "err": {},
              "uuid": "fe996e67-5da2-4c71-95eb-f3934e3ea16c",
              "parentUUID": "5cfad75e-19fd-4de9-b365-c021e8a5af1a",
              "isHook": false,
              "skipped": false
            },
            {
              "title": "Add 1 item on cart and remove it",
              "fullTitle": "Cart Feature Add 1 item on cart and remove it",
              "timedOut": null,
              "duration": 6179,
              "state": "passed",
              "speed": "medium",
              "pass": true,
              "fail": false,
              "pending": false,
              "context": null,
              "code": "const state = window.testState;\nreturn cy\n  .then(() => state.onStartScenario(scenario, indexedSteps))\n  .then(() =>\n    resolveAndRunBeforeHooks.call(this, scenario.tags, state.feature.name)\n  )\n  .then(() =>\n    indexedSteps.forEach((step) =>\n      stepTest.call(this, state, step, rowData)\n    )\n  )\n  .then(() => state.onFinishScenario(scenario));",
              "err": {},
              "uuid": "2bd91f26-48ce-42fd-978c-8b61577ffb41",
              "parentUUID": "5cfad75e-19fd-4de9-b365-c021e8a5af1a",
              "isHook": false,
              "skipped": false
            },
            {
              "title": "Add 2 item on cart and remove 1 item",
              "fullTitle": "Cart Feature Add 2 item on cart and remove 1 item",
              "timedOut": null,
              "duration": 11274,
              "state": "passed",
              "speed": "slow",
              "pass": true,
              "fail": false,
              "pending": false,
              "context": null,
              "code": "const state = window.testState;\nreturn cy\n  .then(() => state.onStartScenario(scenario, indexedSteps))\n  .then(() =>\n    resolveAndRunBeforeHooks.call(this, scenario.tags, state.feature.name)\n  )\n  .then(() =>\n    indexedSteps.forEach((step) =>\n      stepTest.call(this, state, step, rowData)\n    )\n  )\n  .then(() => state.onFinishScenario(scenario));",
              "err": {},
              "uuid": "fe875d24-8c2e-4996-93c8-18eaece741d6",
              "parentUUID": "5cfad75e-19fd-4de9-b365-c021e8a5af1a",
              "isHook": false,
              "skipped": false
            },
            {
              "title": "Add 2 item on cart and check if if have 2 correct item",
              "fullTitle": "Cart Feature Add 2 item on cart and check if if have 2 correct item",
              "timedOut": null,
              "duration": 26321,
              "state": "passed",
              "speed": "slow",
              "pass": true,
              "fail": false,
              "pending": false,
              "context": null,
              "code": "const state = window.testState;\nreturn cy\n  .then(() => state.onStartScenario(scenario, indexedSteps))\n  .then(() =>\n    resolveAndRunBeforeHooks.call(this, scenario.tags, state.feature.name)\n  )\n  .then(() =>\n    indexedSteps.forEach((step) =>\n      stepTest.call(this, state, step, rowData)\n    )\n  )\n  .then(() => state.onFinishScenario(scenario));",
              "err": {},
              "uuid": "581b874f-b560-498e-9c97-6cb6404500ac",
              "parentUUID": "5cfad75e-19fd-4de9-b365-c021e8a5af1a",
              "isHook": false,
              "skipped": false
            }
          ],
          "suites": [],
          "passes": [
            "fe996e67-5da2-4c71-95eb-f3934e3ea16c",
            "2bd91f26-48ce-42fd-978c-8b61577ffb41",
            "fe875d24-8c2e-4996-93c8-18eaece741d6",
            "581b874f-b560-498e-9c97-6cb6404500ac"
          ],
          "failures": [],
          "pending": [],
          "skipped": [],
          "duration": 60751,
          "root": false,
          "rootEmpty": false,
          "_timeout": 2000
        }
      ],
      "passes": [],
      "failures": [],
      "pending": [],
      "skipped": [],
      "duration": 0,
      "root": true,
      "rootEmpty": true,
      "_timeout": 2000
    }
  ],
  "meta": {
    "mocha": {
      "version": "7.0.1"
    },
    "mochawesome": {
      "options": {
        "quiet": false,
        "reportFilename": "mochawesome",
        "saveHtml": false,
        "saveJson": true,
        "consoleReporter": "spec",
        "useInlineDiffs": false,
        "code": true
      },
      "version": "7.1.3"
    },
    "marge": {
      "options": {
        "reportDir": "cypress/results/mochawesome",
        "overwrite": false,
        "html": false,
        "json": true
      },
      "version": "6.2.0"
    }
  }
}