{
  "stats": {
    "suites": 1,
    "tests": 5,
    "passes": 5,
    "pending": 0,
    "failures": 0,
    "start": "2022-06-22T07:20:05.540Z",
    "end": "2022-06-22T07:20:10.912Z",
    "duration": 5372,
    "testsRegistered": 5,
    "passPercent": 100,
    "pendingPercent": 0,
    "other": 0,
    "hasOther": false,
    "skipped": 0,
    "hasSkipped": false
  },
  "results": [
    {
      "uuid": "31b511b8-9147-4f25-9018-665a1c93ae46",
      "title": "",
      "fullFile": "cypress/integration/logins.feature",
      "file": "cypress/integration/logins.feature",
      "beforeHooks": [],
      "afterHooks": [],
      "tests": [],
      "suites": [
        {
          "uuid": "6ff24e2a-aa9f-4743-bb4e-be6d4ca94e51",
          "title": "Login Feature",
          "fullFile": "",
          "file": "",
          "beforeHooks": [],
          "afterHooks": [],
          "tests": [
            {
              "title": "Sucess login",
              "fullTitle": "Login Feature Sucess login",
              "timedOut": null,
              "duration": 1075,
              "state": "passed",
              "speed": "fast",
              "pass": true,
              "fail": false,
              "pending": false,
              "context": null,
              "code": "const state = window.testState;\nreturn cy\n  .then(() => state.onStartScenario(scenario, indexedSteps))\n  .then(() =>\n    resolveAndRunBeforeHooks.call(this, scenario.tags, state.feature.name)\n  )\n  .then(() =>\n    indexedSteps.forEach((step) =>\n      stepTest.call(this, state, step, rowData)\n    )\n  )\n  .then(() => state.onFinishScenario(scenario));",
              "err": {},
              "uuid": "432a0171-6585-4ad4-a03a-2b8e465ffdf7",
              "parentUUID": "6ff24e2a-aa9f-4743-bb4e-be6d4ca94e51",
              "isHook": false,
              "skipped": false
            },
            {
              "title": "When locked user login",
              "fullTitle": "Login Feature When locked user login",
              "timedOut": null,
              "duration": 1005,
              "state": "passed",
              "speed": "fast",
              "pass": true,
              "fail": false,
              "pending": false,
              "context": null,
              "code": "const state = window.testState;\nreturn cy\n  .then(() => state.onStartScenario(scenario, indexedSteps))\n  .then(() =>\n    resolveAndRunBeforeHooks.call(this, scenario.tags, state.feature.name)\n  )\n  .then(() =>\n    indexedSteps.forEach((step) =>\n      stepTest.call(this, state, step, rowData)\n    )\n  )\n  .then(() => state.onFinishScenario(scenario));",
              "err": {},
              "uuid": "e65b9279-5c8b-4189-b10c-f9747ac5314c",
              "parentUUID": "6ff24e2a-aa9f-4743-bb4e-be6d4ca94e51",
              "isHook": false,
              "skipped": false
            },
            {
              "title": "Wrong password login",
              "fullTitle": "Login Feature Wrong password login",
              "timedOut": null,
              "duration": 921,
              "state": "passed",
              "speed": "fast",
              "pass": true,
              "fail": false,
              "pending": false,
              "context": null,
              "code": "const state = window.testState;\nreturn cy\n  .then(() => state.onStartScenario(scenario, indexedSteps))\n  .then(() =>\n    resolveAndRunBeforeHooks.call(this, scenario.tags, state.feature.name)\n  )\n  .then(() =>\n    indexedSteps.forEach((step) =>\n      stepTest.call(this, state, step, rowData)\n    )\n  )\n  .then(() => state.onFinishScenario(scenario));",
              "err": {},
              "uuid": "d2b80308-24ec-4096-9ffd-6981b311f156",
              "parentUUID": "6ff24e2a-aa9f-4743-bb4e-be6d4ca94e51",
              "isHook": false,
              "skipped": false
            },
            {
              "title": "When a problem user login",
              "fullTitle": "Login Feature When a problem user login",
              "timedOut": null,
              "duration": 814,
              "state": "passed",
              "speed": "fast",
              "pass": true,
              "fail": false,
              "pending": false,
              "context": null,
              "code": "const state = window.testState;\nreturn cy\n  .then(() => state.onStartScenario(scenario, indexedSteps))\n  .then(() =>\n    resolveAndRunBeforeHooks.call(this, scenario.tags, state.feature.name)\n  )\n  .then(() =>\n    indexedSteps.forEach((step) =>\n      stepTest.call(this, state, step, rowData)\n    )\n  )\n  .then(() => state.onFinishScenario(scenario));",
              "err": {},
              "uuid": "4b09081a-62ae-41bd-aa51-aa10d7dbb584",
              "parentUUID": "6ff24e2a-aa9f-4743-bb4e-be6d4ca94e51",
              "isHook": false,
              "skipped": false
            },
            {
              "title": "Sucess Log out",
              "fullTitle": "Login Feature Sucess Log out",
              "timedOut": null,
              "duration": 1336,
              "state": "passed",
              "speed": "fast",
              "pass": true,
              "fail": false,
              "pending": false,
              "context": null,
              "code": "const state = window.testState;\nreturn cy\n  .then(() => state.onStartScenario(scenario, indexedSteps))\n  .then(() =>\n    resolveAndRunBeforeHooks.call(this, scenario.tags, state.feature.name)\n  )\n  .then(() =>\n    indexedSteps.forEach((step) =>\n      stepTest.call(this, state, step, rowData)\n    )\n  )\n  .then(() => state.onFinishScenario(scenario));",
              "err": {},
              "uuid": "a8f5aa5c-2fd5-4101-a962-9cddb31fc107",
              "parentUUID": "6ff24e2a-aa9f-4743-bb4e-be6d4ca94e51",
              "isHook": false,
              "skipped": false
            }
          ],
          "suites": [],
          "passes": [
            "432a0171-6585-4ad4-a03a-2b8e465ffdf7",
            "e65b9279-5c8b-4189-b10c-f9747ac5314c",
            "d2b80308-24ec-4096-9ffd-6981b311f156",
            "4b09081a-62ae-41bd-aa51-aa10d7dbb584",
            "a8f5aa5c-2fd5-4101-a962-9cddb31fc107"
          ],
          "failures": [],
          "pending": [],
          "skipped": [],
          "duration": 5151,
          "root": false,
          "rootEmpty": false,
          "_timeout": 2000
        }
      ],
      "passes": [],
      "failures": [],
      "pending": [],
      "skipped": [],
      "duration": 0,
      "root": true,
      "rootEmpty": true,
      "_timeout": 2000
    }
  ],
  "meta": {
    "mocha": {
      "version": "7.0.1"
    },
    "mochawesome": {
      "options": {
        "quiet": false,
        "reportFilename": "mochawesome",
        "saveHtml": false,
        "saveJson": true,
        "consoleReporter": "spec",
        "useInlineDiffs": false,
        "code": true
      },
      "version": "7.1.3"
    },
    "marge": {
      "options": {
        "reportDir": "cypress/results/mochawesome",
        "overwrite": false,
        "html": false,
        "json": true
      },
      "version": "6.2.0"
    }
  }
}