{
  "stats": {
    "suites": 1,
    "tests": 3,
    "passes": 2,
    "pending": 0,
    "failures": 1,
    "start": "2022-06-22T07:19:48.933Z",
    "end": "2022-06-22T07:20:00.124Z",
    "duration": 11191,
    "testsRegistered": 3,
    "passPercent": 66.66666666666666,
    "pendingPercent": 0,
    "other": 0,
    "hasOther": false,
    "skipped": 0,
    "hasSkipped": false
  },
  "results": [
    {
      "uuid": "f2810903-9c00-4b54-bb09-c5956fb91b57",
      "title": "",
      "fullFile": "cypress/integration/login.feature",
      "file": "cypress/integration/login.feature",
      "beforeHooks": [],
      "afterHooks": [],
      "tests": [],
      "suites": [
        {
          "uuid": "f64cd65f-6895-4b5b-a546-67242389cc62",
          "title": "Login",
          "fullFile": "",
          "file": "",
          "beforeHooks": [],
          "afterHooks": [],
          "tests": [
            {
              "title": "Check Login (example #1)",
              "fullTitle": "Login Check Login (example #1)",
              "timedOut": null,
              "duration": 4510,
              "state": "failed",
              "speed": null,
              "pass": false,
              "fail": true,
              "pending": false,
              "context": null,
              "code": "const state = window.testState;\nreturn cy\n  .then(() => state.onStartScenario(scenario, indexedSteps))\n  .then(() =>\n    resolveAndRunBeforeHooks.call(this, scenario.tags, state.feature.name)\n  )\n  .then(() =>\n    indexedSteps.forEach((step) =>\n      stepTest.call(this, state, step, rowData)\n    )\n  )\n  .then(() => state.onFinishScenario(scenario));",
              "err": {
                "message": "AssertionError: Timed out retrying after 1000ms: Expected to find element: `.ant-message-custom-content`, but never found it.",
                "estack": "AssertionError: Timed out retrying after 1000ms: Expected to find element: `.ant-message-custom-content`, but never found it.\n    at Object.tobeSuccessful (https://vcpmc.dev-altamedia.com/__cypress/tests?p=cypress\\integration\\login.feature:164:14)\n    at Context.eval (https://vcpmc.dev-altamedia.com/__cypress/tests?p=cypress\\integration\\login.feature:63:41)\n    at Context.resolveAndRunStepDefinition (https://vcpmc.dev-altamedia.com/__cypress/tests?p=cypress\\integration\\login.feature:10617:29)\n    at Context.eval (https://vcpmc.dev-altamedia.com/__cypress/tests?p=cypress\\integration\\login.feature:9938:35)",
                "diff": null
              },
              "uuid": "d7071f09-5c8f-4827-b035-8d035993c33d",
              "parentUUID": "f64cd65f-6895-4b5b-a546-67242389cc62",
              "isHook": false,
              "skipped": false
            },
            {
              "title": "Check Login (example #2)",
              "fullTitle": "Login Check Login (example #2)",
              "timedOut": null,
              "duration": 2326,
              "state": "passed",
              "speed": "fast",
              "pass": true,
              "fail": false,
              "pending": false,
              "context": null,
              "code": "const state = window.testState;\nreturn cy\n  .then(() => state.onStartScenario(scenario, indexedSteps))\n  .then(() =>\n    resolveAndRunBeforeHooks.call(this, scenario.tags, state.feature.name)\n  )\n  .then(() =>\n    indexedSteps.forEach((step) =>\n      stepTest.call(this, state, step, rowData)\n    )\n  )\n  .then(() => state.onFinishScenario(scenario));",
              "err": {},
              "uuid": "1dc277f2-5737-4e1d-beb4-7a95205c85b9",
              "parentUUID": "f64cd65f-6895-4b5b-a546-67242389cc62",
              "isHook": false,
              "skipped": false
            },
            {
              "title": "Check Login (example #3)",
              "fullTitle": "Login Check Login (example #3)",
              "timedOut": null,
              "duration": 1879,
              "state": "passed",
              "speed": "fast",
              "pass": true,
              "fail": false,
              "pending": false,
              "context": null,
              "code": "const state = window.testState;\nreturn cy\n  .then(() => state.onStartScenario(scenario, indexedSteps))\n  .then(() =>\n    resolveAndRunBeforeHooks.call(this, scenario.tags, state.feature.name)\n  )\n  .then(() =>\n    indexedSteps.forEach((step) =>\n      stepTest.call(this, state, step, rowData)\n    )\n  )\n  .then(() => state.onFinishScenario(scenario));",
              "err": {},
              "uuid": "b405f3d5-0996-4f40-97e6-57d5a64ceaf2",
              "parentUUID": "f64cd65f-6895-4b5b-a546-67242389cc62",
              "isHook": false,
              "skipped": false
            }
          ],
          "suites": [],
          "passes": [
            "1dc277f2-5737-4e1d-beb4-7a95205c85b9",
            "b405f3d5-0996-4f40-97e6-57d5a64ceaf2"
          ],
          "failures": [
            "d7071f09-5c8f-4827-b035-8d035993c33d"
          ],
          "pending": [],
          "skipped": [],
          "duration": 8715,
          "root": false,
          "rootEmpty": false,
          "_timeout": 2000
        }
      ],
      "passes": [],
      "failures": [],
      "pending": [],
      "skipped": [],
      "duration": 0,
      "root": true,
      "rootEmpty": true,
      "_timeout": 2000
    }
  ],
  "meta": {
    "mocha": {
      "version": "7.0.1"
    },
    "mochawesome": {
      "options": {
        "quiet": false,
        "reportFilename": "mochawesome",
        "saveHtml": false,
        "saveJson": true,
        "consoleReporter": "spec",
        "useInlineDiffs": false,
        "code": true
      },
      "version": "7.1.3"
    },
    "marge": {
      "options": {
        "reportDir": "cypress/results/mochawesome",
        "overwrite": false,
        "html": false,
        "json": true
      },
      "version": "6.2.0"
    }
  }
}